abr. 19, 2025 8:04:17 PM liquibase.changelog
INFORMAÇÕES: Reading resource: db/changelog/migrations/db.changelog-202504191559.sql
abr. 19, 2025 8:04:17 PM liquibase.changelog
INFORMAÇÕES: Reading resource: db/changelog/migrations/db.changelog-202504191816.sql
abr. 19, 2025 8:04:17 PM liquibase.changelog
INFORMAÇÕES: Reading resource: db/changelog/migrations/db.changelog-202504191820.sql
abr. 19, 2025 8:04:17 PM liquibase.changelog
INFORMAÇÕES: Reading resource: db/changelog/migrations/db.changelog-202504191824.sql
abr. 19, 2025 8:04:17 PM liquibase.changelog
INFORMAÇÕES: Reading from board.databasechangelog
Database is up to date, no changesets to execute
abr. 19, 2025 8:04:17 PM liquibase.changelog
INFORMAÇÕES: Reading from board.databasechangelog

UPDATE SUMMARY
Run:                          0
Previously run:               4
Filtered out:                 0
-------------------------------
Total change sets:            4

abr. 19, 2025 8:04:17 PM liquibase.util
INFORMAÇÕES: UPDATE SUMMARY
abr. 19, 2025 8:04:17 PM liquibase.util
INFORMAÇÕES: Run:                          0
abr. 19, 2025 8:04:17 PM liquibase.util
INFORMAÇÕES: Previously run:               4
abr. 19, 2025 8:04:17 PM liquibase.util
INFORMAÇÕES: Filtered out:                 0
abr. 19, 2025 8:04:17 PM liquibase.util
INFORMAÇÕES: -------------------------------
abr. 19, 2025 8:04:17 PM liquibase.util
INFORMAÇÕES: Total change sets:            4
abr. 19, 2025 8:04:17 PM liquibase.util
INFORMAÇÕES: Update summary generated
abr. 19, 2025 8:04:17 PM liquibase.command
INFORMAÇÕES: Command execution complete
fez update
